2020-08-27 13:10:24,880 [INFO]: #  **** 从Excel导入用例套件成功 ****
2020-08-27 13:10:24,895 [INFO]: #  **** 解析用例成功 ****
2020-08-27 13:10:24,895 [INFO]: #  -------- Run The TestCase：test-1 打开百度
2020-08-27 13:10:24,895 [INFO]: #  Run The Step: 1|OPEN|百度搜索链接
2020-08-27 13:10:26,156 [INFO]: #  Run The Step: 1|OPEN|百度搜索页-百度搜索链接 Success
2020-08-27 13:10:26,463 [INFO]: #  Run The Step: 2|INPUT|百度搜索框
2020-08-27 13:10:27,114 [INFO]: #  Run The Step: 2|INPUT|百度搜索页-百度搜索框 Success
2020-08-27 13:10:27,416 [INFO]: #  Run The Step: 3|CLICK|百度搜索按钮
2020-08-27 13:10:28,037 [INFO]: #  Run The Step: 3|CLICK|百度搜索页-百度搜索按钮 Success
2020-08-27 13:10:28,866 [INFO]: #  ****  用例执行完成  ****
2020-08-27 13:10:28,866 [INFO]: #  **** 解析用例成功 ****
2020-08-27 13:10:28,866 [INFO]: #  -------- Run The TestCase：test-2 中国知网注册
2020-08-27 13:10:28,866 [INFO]: #  Run The Step: 1|OPEN|注册链接
2020-08-27 13:10:30,292 [INFO]: #  Run The Step: 1|OPEN|中国知网-注册链接 Success
2020-08-27 13:10:30,596 [INFO]: #  Run The Step: 2|INPUT|用户名
2020-08-27 13:10:31,219 [INFO]: #  Run The Step: 2|INPUT|中国知网-用户名 Success
2020-08-27 13:10:31,525 [INFO]: #  Run The Step: 3|INPUT|密码
2020-08-27 13:10:32,136 [INFO]: #  Run The Step: 3|INPUT|中国知网-密码 Success
2020-08-27 13:10:32,460 [INFO]: #  Run The Step: 4|INPUT|邮箱
2020-08-27 13:10:33,090 [INFO]: #  Run The Step: 4|INPUT|中国知网-邮箱 Success
2020-08-27 13:10:33,392 [INFO]: #  Run The Step: 5|RECOGNITION|验证码图片
2020-08-27 13:10:34,647 [INFO]: #  Run The Step: 5|RECOGNITION|中国知网-验证码图片 Success
2020-08-27 13:10:34,950 [INFO]: #  Run The Step: 6|INPUT|验证码
2020-08-27 13:10:34,950 [INFO]: #  Run The Step: 6|INPUT|中国知网-验证码 Fail
2020-08-27 13:10:34,950 [INFO]: #  Run The Step: 7|CLICK|立即注册
2020-08-27 13:10:35,535 [INFO]: #  Run The Step: 7|CLICK|中国知网-立即注册 Success
2020-08-27 13:10:36,353 [INFO]: #  ****  用例执行完成  ****
2020-08-27 13:12:58,938 [INFO]: #  **** 从Excel导入用例套件成功 ****
2020-08-27 13:12:58,938 [INFO]: #  **** 解析用例成功 ****
2020-08-27 13:12:58,938 [INFO]: #  -------- Run The TestCase：test-1 打开百度
2020-08-27 13:12:58,938 [INFO]: #  Run The Step: 1|OPEN|百度搜索链接
2020-08-27 13:13:00,208 [INFO]: #  Run The Step: 1|OPEN|百度搜索页-百度搜索链接 Success
2020-08-27 13:13:00,511 [INFO]: #  Run The Step: 2|INPUT|百度搜索框
2020-08-27 13:13:01,141 [INFO]: #  Run The Step: 2|INPUT|百度搜索页-百度搜索框 Success
2020-08-27 13:13:01,451 [INFO]: #  Run The Step: 3|CLICK|百度搜索按钮
2020-08-27 13:13:02,048 [INFO]: #  Run The Step: 3|CLICK|百度搜索页-百度搜索按钮 Success
2020-08-27 13:13:02,851 [INFO]: #  ****  用例执行完成  ****
2020-08-27 13:13:02,851 [INFO]: #  **** 解析用例成功 ****
2020-08-27 13:13:02,851 [INFO]: #  -------- Run The TestCase：test-2 中国知网注册
2020-08-27 13:13:02,851 [INFO]: #  Run The Step: 1|OPEN|注册链接
2020-08-27 13:13:04,165 [INFO]: #  Run The Step: 1|OPEN|中国知网-注册链接 Success
2020-08-27 13:13:04,490 [INFO]: #  Run The Step: 2|INPUT|用户名
2020-08-27 13:13:05,133 [INFO]: #  Run The Step: 2|INPUT|中国知网-用户名 Success
2020-08-27 13:13:05,435 [INFO]: #  Run The Step: 3|INPUT|密码
2020-08-27 13:13:06,071 [INFO]: #  Run The Step: 3|INPUT|中国知网-密码 Success
2020-08-27 13:13:06,374 [INFO]: #  Run The Step: 4|INPUT|邮箱
2020-08-27 13:13:07,037 [INFO]: #  Run The Step: 4|INPUT|中国知网-邮箱 Success
2020-08-27 13:13:07,345 [INFO]: #  Run The Step: 5|RECOGNITION|验证码图片
2020-08-27 13:13:08,966 [INFO]: #  Run The Step: 5|RECOGNITION|中国知网-验证码图片 Success
2020-08-27 13:13:09,269 [INFO]: #  Run The Step: 6|INPUT|验证码
2020-08-27 13:13:09,269 [INFO]: #  Run The Step: 6|INPUT|中国知网-验证码 Fail
2020-08-27 13:13:09,269 [INFO]: #  Run The Step: 7|CLICK|立即注册
2020-08-27 13:13:09,884 [INFO]: #  Run The Step: 7|CLICK|中国知网-立即注册 Success
2020-08-27 13:13:10,691 [INFO]: #  ****  用例执行完成  ****
2020-08-27 13:13:55,345 [INFO]: #  **** 从Excel导入用例套件成功 ****
2020-08-27 13:13:55,345 [INFO]: #  **** 解析用例成功 ****
2020-08-27 13:13:55,345 [INFO]: #  -------- Run The TestCase：test-1 打开百度
2020-08-27 13:13:55,345 [INFO]: #  Run The Step: 1|OPEN|百度搜索链接
2020-08-27 13:13:56,657 [INFO]: #  Run The Step: 1|OPEN|百度搜索页-百度搜索链接 Success
2020-08-27 13:13:56,963 [INFO]: #  Run The Step: 2|INPUT|百度搜索框
2020-08-27 13:13:57,566 [INFO]: #  Run The Step: 2|INPUT|百度搜索页-百度搜索框 Success
2020-08-27 13:13:57,867 [INFO]: #  Run The Step: 3|CLICK|百度搜索按钮
2020-08-27 13:13:58,507 [INFO]: #  Run The Step: 3|CLICK|百度搜索页-百度搜索按钮 Success
2020-08-27 13:13:59,314 [INFO]: #  ****  用例执行完成  ****
2020-08-27 13:13:59,314 [INFO]: #  **** 解析用例成功 ****
2020-08-27 13:13:59,314 [INFO]: #  -------- Run The TestCase：test-2 中国知网注册
2020-08-27 13:13:59,314 [INFO]: #  Run The Step: 1|OPEN|注册链接
2020-08-27 13:14:00,580 [INFO]: #  Run The Step: 1|OPEN|中国知网-注册链接 Success
2020-08-27 13:14:00,881 [INFO]: #  Run The Step: 2|INPUT|用户名
2020-08-27 13:14:01,541 [INFO]: #  Run The Step: 2|INPUT|中国知网-用户名 Success
2020-08-27 13:14:01,861 [INFO]: #  Run The Step: 3|INPUT|密码
2020-08-27 13:14:02,529 [INFO]: #  Run The Step: 3|INPUT|中国知网-密码 Success
2020-08-27 13:14:02,845 [INFO]: #  Run The Step: 4|INPUT|邮箱
2020-08-27 13:14:03,435 [INFO]: #  Run The Step: 4|INPUT|中国知网-邮箱 Success
2020-08-27 13:14:03,736 [INFO]: #  Run The Step: 5|RECOGNITION|验证码图片
2020-08-27 13:14:05,117 [INFO]: #  Run The Step: 5|RECOGNITION|中国知网-验证码图片 Success
2020-08-27 13:14:05,422 [INFO]: #  Run The Step: 6|INPUT|验证码
2020-08-27 13:14:05,422 [INFO]: #  Run The Step: 6|INPUT|中国知网-验证码 Fail
2020-08-27 13:14:05,422 [INFO]: #  Run The Step: 7|CLICK|立即注册
2020-08-27 13:14:06,041 [INFO]: #  Run The Step: 7|CLICK|中国知网-立即注册 Success
2020-08-27 13:14:06,848 [INFO]: #  ****  用例执行完成  ****
2020-08-27 13:20:07,490 [INFO]: #  **** 从Excel导入用例套件成功 ****
2020-08-27 13:20:07,490 [INFO]: #  **** 解析用例成功 ****
2020-08-27 13:20:07,490 [INFO]: #  -------- Run The TestCase：test-1 打开百度
2020-08-27 13:20:07,490 [INFO]: #  Run The Step: 1|OPEN|百度搜索链接
2020-08-27 13:20:08,879 [INFO]: #  Run The Step: 1|OPEN|百度搜索页-百度搜索链接 Success
2020-08-27 13:20:09,181 [INFO]: #  Run The Step: 2|INPUT|百度搜索框
2020-08-27 13:20:09,885 [INFO]: #  Run The Step: 2|INPUT|百度搜索页-百度搜索框 Success
2020-08-27 13:20:10,186 [INFO]: #  Run The Step: 3|CLICK|百度搜索按钮
2020-08-27 13:20:10,853 [INFO]: #  Run The Step: 3|CLICK|百度搜索页-百度搜索按钮 Success
2020-08-27 13:20:11,668 [INFO]: #  ****  用例执行完成  ****
2020-08-27 13:20:11,668 [INFO]: #  **** 解析用例成功 ****
2020-08-27 13:20:11,668 [INFO]: #  -------- Run The TestCase：test-2 中国知网注册
2020-08-27 13:20:11,668 [INFO]: #  Run The Step: 1|OPEN|注册链接
2020-08-27 13:20:13,086 [INFO]: #  Run The Step: 1|OPEN|中国知网-注册链接 Success
2020-08-27 13:20:13,387 [INFO]: #  Run The Step: 2|INPUT|用户名
2020-08-27 13:20:14,043 [INFO]: #  Run The Step: 2|INPUT|中国知网-用户名 Success
2020-08-27 13:20:14,358 [INFO]: #  Run The Step: 3|INPUT|密码
2020-08-27 13:20:14,988 [INFO]: #  Run The Step: 3|INPUT|中国知网-密码 Success
2020-08-27 13:20:15,291 [INFO]: #  Run The Step: 4|INPUT|邮箱
2020-08-27 13:20:15,922 [INFO]: #  Run The Step: 4|INPUT|中国知网-邮箱 Success
2020-08-27 13:20:16,224 [INFO]: #  Run The Step: 5|RECOGNITION|验证码图片
2020-08-27 13:20:17,613 [INFO]: #  Run The Step: 5|RECOGNITION|中国知网-验证码图片 Success
2020-08-27 13:20:17,916 [INFO]: #  Run The Step: 6|INPUT|验证码
2020-08-27 13:20:17,916 [INFO]: #  Run The Step: 6|INPUT|中国知网-验证码 Fail
2020-08-27 13:20:17,916 [INFO]: #  Run The Step: 7|CLICK|立即注册
2020-08-27 13:20:18,490 [INFO]: #  Run The Step: 7|CLICK|中国知网-立即注册 Success
2020-08-27 13:20:19,297 [INFO]: #  ****  用例执行完成  ****
2020-08-27 13:21:12,646 [INFO]: #  **** 从Excel导入用例套件成功 ****
2020-08-27 13:21:12,646 [INFO]: #  **** 解析用例成功 ****
2020-08-27 13:21:12,646 [INFO]: #  -------- Run The TestCase：test-1 打开百度
2020-08-27 13:21:12,646 [INFO]: #  Run The Step: 1|OPEN|百度搜索链接
2020-08-27 13:21:13,868 [INFO]: #  Run The Step: 1|OPEN|百度搜索页-百度搜索链接 Success
2020-08-27 13:21:14,170 [INFO]: #  Run The Step: 2|INPUT|百度搜索框
2020-08-27 13:21:14,857 [INFO]: #  Run The Step: 2|INPUT|百度搜索页-百度搜索框 Success
2020-08-27 13:21:15,170 [INFO]: #  Run The Step: 3|CLICK|百度搜索按钮
2020-08-27 13:21:15,807 [INFO]: #  Run The Step: 3|CLICK|百度搜索页-百度搜索按钮 Success
2020-08-27 13:21:16,618 [INFO]: #  ****  用例执行完成  ****
2020-08-27 13:21:16,618 [INFO]: #  **** 解析用例成功 ****
2020-08-27 13:21:16,618 [INFO]: #  -------- Run The TestCase：test-2 中国知网注册
2020-08-27 13:21:16,618 [INFO]: #  Run The Step: 1|OPEN|注册链接
2020-08-27 13:21:17,959 [INFO]: #  Run The Step: 1|OPEN|中国知网-注册链接 Success
2020-08-27 13:21:18,262 [INFO]: #  Run The Step: 2|INPUT|用户名
2020-08-27 13:21:18,911 [INFO]: #  Run The Step: 2|INPUT|中国知网-用户名 Success
2020-08-27 13:21:19,221 [INFO]: #  Run The Step: 3|INPUT|密码
2020-08-27 13:21:19,847 [INFO]: #  Run The Step: 3|INPUT|中国知网-密码 Success
2020-08-27 13:21:20,161 [INFO]: #  Run The Step: 4|INPUT|邮箱
2020-08-27 13:21:20,798 [INFO]: #  Run The Step: 4|INPUT|中国知网-邮箱 Success
2020-08-27 13:21:21,104 [INFO]: #  Run The Step: 5|RECOGNITION|验证码图片
2020-08-27 13:21:22,385 [INFO]: #  Run The Step: 5|RECOGNITION|中国知网-验证码图片 Success
2020-08-27 13:21:22,700 [INFO]: #  Run The Step: 6|INPUT|验证码
2020-08-27 13:21:22,700 [INFO]: #  Run The Step: 6|INPUT|中国知网-验证码 Fail
2020-08-27 13:21:22,700 [INFO]: #  Run The Step: 7|CLICK|立即注册
2020-08-27 13:21:23,315 [INFO]: #  Run The Step: 7|CLICK|中国知网-立即注册 Success
2020-08-27 13:21:24,119 [INFO]: #  ****  用例执行完成  ****
2020-08-27 13:22:19,476 [INFO]: #  **** 从Excel导入用例套件成功 ****
2020-08-27 13:22:19,476 [INFO]: #  **** 解析用例成功 ****
2020-08-27 13:22:19,476 [INFO]: #  -------- Run The TestCase：test-1 打开百度
2020-08-27 13:22:19,476 [INFO]: #  Run The Step: 1|OPEN|百度搜索链接
2020-08-27 13:22:20,727 [INFO]: #  Run The Step: 1|OPEN|百度搜索页-百度搜索链接 Success
2020-08-27 13:22:21,041 [INFO]: #  Run The Step: 2|INPUT|百度搜索框
2020-08-27 13:22:21,694 [INFO]: #  Run The Step: 2|INPUT|百度搜索页-百度搜索框 Success
2020-08-27 13:22:21,998 [INFO]: #  Run The Step: 3|CLICK|百度搜索按钮
2020-08-27 13:22:22,661 [INFO]: #  Run The Step: 3|CLICK|百度搜索页-百度搜索按钮 Success
2020-08-27 13:22:23,472 [INFO]: #  ****  用例执行完成  ****
2020-08-27 13:22:23,472 [INFO]: #  **** 解析用例成功 ****
2020-08-27 13:22:23,473 [INFO]: #  -------- Run The TestCase：test-2 中国知网注册
2020-08-27 13:22:23,473 [INFO]: #  Run The Step: 1|OPEN|注册链接
2020-08-27 13:22:24,879 [INFO]: #  Run The Step: 1|OPEN|中国知网-注册链接 Success
2020-08-27 13:22:25,186 [INFO]: #  Run The Step: 2|INPUT|用户名
2020-08-27 13:22:25,828 [INFO]: #  Run The Step: 2|INPUT|中国知网-用户名 Success
2020-08-27 13:22:26,131 [INFO]: #  Run The Step: 3|INPUT|密码
2020-08-27 13:22:26,734 [INFO]: #  Run The Step: 3|INPUT|中国知网-密码 Success
2020-08-27 13:22:27,037 [INFO]: #  Run The Step: 4|INPUT|邮箱
2020-08-27 13:22:27,652 [INFO]: #  Run The Step: 4|INPUT|中国知网-邮箱 Success
2020-08-27 13:22:27,956 [INFO]: #  Run The Step: 5|RECOGNITION|验证码图片
2020-08-27 13:22:29,282 [INFO]: #  Run The Step: 5|RECOGNITION|中国知网-验证码图片 Success
2020-08-27 13:22:29,588 [INFO]: #  Run The Step: 6|INPUT|验证码
2020-08-27 13:22:29,588 [INFO]: #  Run The Step: 6|INPUT|中国知网-验证码 Fail
2020-08-27 13:22:29,588 [INFO]: #  Run The Step: 7|CLICK|立即注册
2020-08-27 13:22:30,209 [INFO]: #  Run The Step: 7|CLICK|中国知网-立即注册 Success
2020-08-27 13:22:31,035 [INFO]: #  ****  用例执行完成  ****
2020-08-27 13:24:13,837 [INFO]: #  **** 从Excel导入用例套件成功 ****
2020-08-27 13:24:13,837 [INFO]: #  **** 解析用例成功 ****
2020-08-27 13:24:13,837 [INFO]: #  -------- Run The TestCase：test-1 打开百度
2020-08-27 13:24:13,837 [INFO]: #  Run The Step: 1|OPEN|百度搜索链接
2020-08-27 13:24:15,648 [INFO]: #  Run The Step: 1|OPEN|百度搜索页-百度搜索链接 Success
2020-08-27 13:24:15,953 [INFO]: #  Run The Step: 2|INPUT|百度搜索框
2020-08-27 13:24:16,649 [INFO]: #  Run The Step: 2|INPUT|百度搜索页-百度搜索框 Success
2020-08-27 13:24:16,970 [INFO]: #  Run The Step: 3|CLICK|百度搜索按钮
2020-08-27 13:24:17,609 [INFO]: #  Run The Step: 3|CLICK|百度搜索页-百度搜索按钮 Success
2020-08-27 13:24:18,431 [INFO]: #  ****  用例执行完成  ****
2020-08-27 13:24:18,432 [INFO]: #  **** 解析用例成功 ****
2020-08-27 13:24:18,432 [INFO]: #  -------- Run The TestCase：test-2 中国知网注册
2020-08-27 13:24:18,432 [INFO]: #  Run The Step: 1|OPEN|注册链接
2020-08-27 13:24:20,119 [INFO]: #  Run The Step: 1|OPEN|中国知网-注册链接 Success
2020-08-27 13:24:20,420 [INFO]: #  Run The Step: 2|INPUT|用户名
2020-08-27 13:24:21,097 [INFO]: #  Run The Step: 2|INPUT|中国知网-用户名 Success
2020-08-27 13:24:21,401 [INFO]: #  Run The Step: 3|INPUT|密码
2020-08-27 13:24:21,983 [INFO]: #  Run The Step: 3|INPUT|中国知网-密码 Success
2020-08-27 13:24:22,283 [INFO]: #  Run The Step: 4|INPUT|邮箱
2020-08-27 13:24:22,901 [INFO]: #  Run The Step: 4|INPUT|中国知网-邮箱 Success
2020-08-27 13:24:23,201 [INFO]: #  Run The Step: 5|RECOGNITION|验证码图片
2020-08-27 13:24:24,786 [INFO]: #  Run The Step: 5|RECOGNITION|中国知网-验证码图片 Success
2020-08-27 13:24:25,088 [INFO]: #  Run The Step: 6|INPUT|验证码
2020-08-27 13:24:25,088 [INFO]: #  Run The Step: 6|INPUT|中国知网-验证码 Fail
2020-08-27 13:24:25,088 [INFO]: #  Run The Step: 7|CLICK|立即注册
2020-08-27 13:24:25,646 [INFO]: #  Run The Step: 7|CLICK|中国知网-立即注册 Success
2020-08-27 13:24:26,469 [INFO]: #  ****  用例执行完成  ****
2020-08-27 13:26:28,658 [INFO]: #  **** 从Excel导入用例套件成功 ****
2020-08-27 13:26:28,658 [INFO]: #  **** 解析用例成功 ****
2020-08-27 13:26:28,658 [INFO]: #  -------- Run The TestCase：test-1 打开百度
2020-08-27 13:26:28,658 [INFO]: #  Run The Step: 1|OPEN|百度搜索链接
2020-08-27 13:26:29,970 [INFO]: #  Run The Step: 1|OPEN|百度搜索页-百度搜索链接 Success
2020-08-27 13:26:30,282 [INFO]: #  Run The Step: 2|INPUT|百度搜索框
2020-08-27 13:26:30,901 [INFO]: #  Run The Step: 2|INPUT|百度搜索页-百度搜索框 Success
2020-08-27 13:26:31,203 [INFO]: #  Run The Step: 3|CLICK|百度搜索按钮
2020-08-27 13:26:31,775 [INFO]: #  Run The Step: 3|CLICK|百度搜索页-百度搜索按钮 Success
2020-08-27 13:26:32,587 [INFO]: #  ****  用例执行完成  ****
2020-08-27 13:26:32,587 [INFO]: #  **** 解析用例成功 ****
2020-08-27 13:26:32,587 [INFO]: #  -------- Run The TestCase：test-2 中国知网注册
2020-08-27 13:26:32,587 [INFO]: #  Run The Step: 1|OPEN|注册链接
2020-08-27 13:26:33,976 [INFO]: #  Run The Step: 1|OPEN|中国知网-注册链接 Success
2020-08-27 13:26:34,278 [INFO]: #  Run The Step: 2|INPUT|用户名
2020-08-27 13:26:35,007 [INFO]: #  Run The Step: 2|INPUT|中国知网-用户名 Success
2020-08-27 13:26:35,318 [INFO]: #  Run The Step: 3|INPUT|密码
2020-08-27 13:26:35,983 [INFO]: #  Run The Step: 3|INPUT|中国知网-密码 Success
2020-08-27 13:26:36,289 [INFO]: #  Run The Step: 4|INPUT|邮箱
2020-08-27 13:26:36,988 [INFO]: #  Run The Step: 4|INPUT|中国知网-邮箱 Success
2020-08-27 13:26:37,305 [INFO]: #  Run The Step: 5|RECOGNITION|验证码图片
2020-08-27 13:26:38,703 [INFO]: #  Run The Step: 5|RECOGNITION|中国知网-验证码图片 Success
2020-08-27 13:26:39,016 [INFO]: #  Run The Step: 6|INPUT|验证码
2020-08-27 13:26:39,016 [INFO]: #  Run The Step: 6|INPUT|中国知网-验证码 Fail
2020-08-27 13:26:39,016 [INFO]: #  Run The Step: 7|CLICK|立即注册
2020-08-27 13:26:39,630 [INFO]: #  Run The Step: 7|CLICK|中国知网-立即注册 Success
2020-08-27 13:26:40,447 [INFO]: #  ****  用例执行完成  ****
2020-08-27 13:28:16,522 [INFO]: #  **** 从Excel导入用例套件成功 ****
2020-08-27 13:28:16,522 [INFO]: #  **** 解析用例成功 ****
2020-08-27 13:28:16,522 [INFO]: #  -------- Run The TestCase：test-1 打开百度
2020-08-27 13:28:16,522 [INFO]: #  Run The Step: 1|OPEN|百度搜索链接
2020-08-27 13:28:17,830 [INFO]: #  Run The Step: 1|OPEN|百度搜索页-百度搜索链接 Success
2020-08-27 13:28:18,136 [INFO]: #  Run The Step: 2|INPUT|百度搜索框
2020-08-27 13:28:18,782 [INFO]: #  Run The Step: 2|INPUT|百度搜索页-百度搜索框 Success
2020-08-27 13:28:19,097 [INFO]: #  Run The Step: 3|CLICK|百度搜索按钮
2020-08-27 13:28:19,710 [INFO]: #  Run The Step: 3|CLICK|百度搜索页-百度搜索按钮 Success
2020-08-27 13:28:20,522 [INFO]: #  ****  用例执行完成  ****
2020-08-27 13:28:20,522 [INFO]: #  **** 解析用例成功 ****
2020-08-27 13:28:20,522 [INFO]: #  -------- Run The TestCase：test-2 中国知网注册
2020-08-27 13:28:20,522 [INFO]: #  Run The Step: 1|OPEN|注册链接
2020-08-27 13:28:21,953 [INFO]: #  Run The Step: 1|OPEN|中国知网-注册链接 Success
2020-08-27 13:28:22,257 [INFO]: #  Run The Step: 2|INPUT|用户名
2020-08-27 13:28:23,009 [INFO]: #  Run The Step: 2|INPUT|中国知网-用户名 Success
2020-08-27 13:28:23,318 [INFO]: #  Run The Step: 3|INPUT|密码
2020-08-27 13:28:23,979 [INFO]: #  Run The Step: 3|INPUT|中国知网-密码 Success
2020-08-27 13:28:24,281 [INFO]: #  Run The Step: 4|INPUT|邮箱
2020-08-27 13:28:24,999 [INFO]: #  Run The Step: 4|INPUT|中国知网-邮箱 Success
2020-08-27 13:28:25,302 [INFO]: #  Run The Step: 5|RECOGNITION|验证码图片
2020-08-27 13:28:26,745 [INFO]: #  Run The Step: 5|RECOGNITION|中国知网-验证码图片 Success
2020-08-27 13:28:27,062 [INFO]: #  Run The Step: 6|INPUT|验证码
2020-08-27 13:28:27,062 [INFO]: #  Run The Step: 6|INPUT|中国知网-验证码 Fail
2020-08-27 13:28:27,062 [INFO]: #  Run The Step: 7|CLICK|立即注册
2020-08-27 13:28:27,672 [INFO]: #  Run The Step: 7|CLICK|中国知网-立即注册 Success
2020-08-27 13:28:28,492 [INFO]: #  ****  用例执行完成  ****
2020-08-27 13:30:43,374 [INFO]: #  **** 从Excel导入用例套件成功 ****
2020-08-27 13:30:43,374 [INFO]: #  **** 解析用例成功 ****
2020-08-27 13:30:43,374 [INFO]: #  -------- Run The TestCase：test-1 打开百度
2020-08-27 13:30:43,374 [INFO]: #  Run The Step: 1|OPEN|百度搜索链接
2020-08-27 13:30:44,884 [INFO]: #  Run The Step: 1|OPEN|百度搜索页-百度搜索链接 Success
2020-08-27 13:30:45,185 [INFO]: #  Run The Step: 2|INPUT|百度搜索框
2020-08-27 13:30:45,835 [INFO]: #  Run The Step: 2|INPUT|百度搜索页-百度搜索框 Success
2020-08-27 13:30:46,147 [INFO]: #  Run The Step: 3|CLICK|百度搜索按钮
2020-08-27 13:30:46,788 [INFO]: #  Run The Step: 3|CLICK|百度搜索页-百度搜索按钮 Success
2020-08-27 13:30:47,598 [INFO]: #  ****  用例执行完成  ****
2020-08-27 13:30:47,598 [INFO]: #  **** 解析用例成功 ****
2020-08-27 13:30:47,598 [INFO]: #  -------- Run The TestCase：test-2 中国知网注册
2020-08-27 13:30:47,598 [INFO]: #  Run The Step: 1|OPEN|注册链接
2020-08-27 13:30:49,031 [INFO]: #  Run The Step: 1|OPEN|中国知网-注册链接 Success
2020-08-27 13:30:49,334 [INFO]: #  Run The Step: 2|INPUT|用户名
2020-08-27 13:30:49,979 [INFO]: #  Run The Step: 2|INPUT|中国知网-用户名 Success
2020-08-27 13:30:50,280 [INFO]: #  Run The Step: 3|INPUT|密码
2020-08-27 13:30:50,914 [INFO]: #  Run The Step: 3|INPUT|中国知网-密码 Success
2020-08-27 13:30:51,226 [INFO]: #  Run The Step: 4|INPUT|邮箱
2020-08-27 13:30:51,856 [INFO]: #  Run The Step: 4|INPUT|中国知网-邮箱 Success
2020-08-27 13:30:52,169 [INFO]: #  Run The Step: 5|RECOGNITION|验证码图片
2020-08-27 13:30:53,767 [INFO]: #  Run The Step: 5|RECOGNITION|中国知网-验证码图片 Success
2020-08-27 13:30:54,085 [INFO]: #  Run The Step: 6|INPUT|验证码
2020-08-27 13:30:54,085 [INFO]: #  Run The Step: 6|INPUT|中国知网-验证码 Fail
2020-08-27 13:30:54,085 [INFO]: #  Run The Step: 7|CLICK|立即注册
2020-08-27 13:30:54,675 [INFO]: #  Run The Step: 7|CLICK|中国知网-立即注册 Success
2020-08-27 13:30:55,482 [INFO]: #  ****  用例执行完成  ****
2020-08-27 13:31:53,018 [INFO]: #  **** 从Excel导入用例套件成功 ****
2020-08-27 13:31:53,018 [INFO]: #  **** 解析用例成功 ****
2020-08-27 13:31:53,018 [INFO]: #  -------- Run The TestCase：test-1 打开百度
2020-08-27 13:31:53,018 [INFO]: #  Run The Step: 1|OPEN|百度搜索链接
2020-08-27 13:31:54,384 [INFO]: #  Run The Step: 1|OPEN|百度搜索页-百度搜索链接 Success
2020-08-27 13:31:54,695 [INFO]: #  Run The Step: 2|INPUT|百度搜索框
2020-08-27 13:31:55,357 [INFO]: #  Run The Step: 2|INPUT|百度搜索页-百度搜索框 Success
2020-08-27 13:31:55,658 [INFO]: #  Run The Step: 3|CLICK|百度搜索按钮
2020-08-27 13:31:56,286 [INFO]: #  Run The Step: 3|CLICK|百度搜索页-百度搜索按钮 Success
2020-08-27 13:31:57,122 [INFO]: #  ****  用例执行完成  ****
2020-08-27 13:31:57,122 [INFO]: #  **** 解析用例成功 ****
2020-08-27 13:31:57,122 [INFO]: #  -------- Run The TestCase：test-2 中国知网注册
2020-08-27 13:31:57,123 [INFO]: #  Run The Step: 1|OPEN|注册链接
2020-08-27 13:31:58,344 [INFO]: #  Run The Step: 1|OPEN|中国知网-注册链接 Success
2020-08-27 13:31:58,658 [INFO]: #  Run The Step: 2|INPUT|用户名
2020-08-27 13:31:59,329 [INFO]: #  Run The Step: 2|INPUT|中国知网-用户名 Success
2020-08-27 13:31:59,630 [INFO]: #  Run The Step: 3|INPUT|密码
2020-08-27 13:32:00,298 [INFO]: #  Run The Step: 3|INPUT|中国知网-密码 Success
2020-08-27 13:32:00,598 [INFO]: #  Run The Step: 4|INPUT|邮箱
2020-08-27 13:32:01,223 [INFO]: #  Run The Step: 4|INPUT|中国知网-邮箱 Success
2020-08-27 13:32:01,534 [INFO]: #  Run The Step: 5|RECOGNITION|验证码图片
2020-08-27 13:32:02,827 [INFO]: #  Run The Step: 5|RECOGNITION|中国知网-验证码图片 Success
2020-08-27 13:32:03,143 [INFO]: #  Run The Step: 6|INPUT|验证码
2020-08-27 13:32:03,763 [INFO]: #  Run The Step: 6|INPUT|中国知网-验证码 Success
2020-08-27 13:32:04,069 [INFO]: #  Run The Step: 7|CLICK|立即注册
2020-08-27 13:32:04,749 [INFO]: #  Run The Step: 7|CLICK|中国知网-立即注册 Success
2020-08-27 13:32:05,563 [INFO]: #  ****  用例执行完成  ****
2020-08-27 13:40:40,234 [INFO]: #  **** 从Excel导入用例套件成功 ****
2020-08-27 13:40:40,234 [INFO]: #  **** 解析用例成功 ****
2020-08-27 13:40:40,234 [INFO]: #  -------- Run The TestCase：test-1 打开百度
2020-08-27 13:40:40,234 [INFO]: #  Run The Step: 1|OPEN|百度搜索链接
2020-08-27 13:40:41,777 [INFO]: #  Run The Step: 1|OPEN|百度搜索页-百度搜索链接 Success
2020-08-27 13:40:42,081 [INFO]: #  Run The Step: 2|INPUT|百度搜索框
2020-08-27 13:40:42,675 [INFO]: #  Run The Step: 2|INPUT|百度搜索页-百度搜索框 Success
2020-08-27 13:40:42,983 [INFO]: #  Run The Step: 3|CLICK|百度搜索按钮
2020-08-27 13:40:44,121 [INFO]: #  Run The Step: 3|CLICK|百度搜索页-百度搜索按钮 Success
2020-08-27 13:40:44,928 [INFO]: #  ****  用例执行完成  ****
2020-08-27 13:40:44,928 [INFO]: #  **** 解析用例成功 ****
2020-08-27 13:40:44,928 [INFO]: #  -------- Run The TestCase：test-2 中国知网注册
2020-08-27 13:40:44,928 [INFO]: #  Run The Step: 1|OPEN|注册链接
2020-08-27 13:40:46,496 [INFO]: #  Run The Step: 1|OPEN|中国知网-注册链接 Success
2020-08-27 13:40:46,800 [INFO]: #  Run The Step: 2|INPUT|用户名
2020-08-27 13:40:47,443 [INFO]: #  Run The Step: 2|INPUT|中国知网-用户名 Success
2020-08-27 13:40:47,755 [INFO]: #  Run The Step: 3|INPUT|密码
2020-08-27 13:40:48,401 [INFO]: #  Run The Step: 3|INPUT|中国知网-密码 Success
2020-08-27 13:40:48,706 [INFO]: #  Run The Step: 4|INPUT|邮箱
2020-08-27 13:40:49,399 [INFO]: #  Run The Step: 4|INPUT|中国知网-邮箱 Success
2020-08-27 13:40:49,715 [INFO]: #  Run The Step: 5|RECOGNITION|验证码图片
2020-08-27 13:40:51,514 [INFO]: #  Run The Step: 5|RECOGNITION|中国知网-验证码图片 Success
2020-08-27 13:40:51,822 [INFO]: #  Run The Step: 6|INPUT|验证码
2020-08-27 13:40:52,415 [INFO]: #  Run The Step: 6|INPUT|中国知网-验证码 Success
2020-08-27 13:40:52,718 [INFO]: #  Run The Step: 7|CLICK|立即注册
2020-08-27 13:40:53,429 [INFO]: #  Run The Step: 7|CLICK|中国知网-立即注册 Success
2020-08-27 13:40:54,253 [INFO]: #  ****  用例执行完成  ****
2020-08-27 13:46:45,695 [INFO]: #  **** 从Excel导入用例套件成功 ****
2020-08-27 13:46:45,695 [INFO]: #  **** 解析用例成功 ****
2020-08-27 13:46:45,696 [INFO]: #  -------- Run The TestCase：test-1 打开百度
2020-08-27 13:46:45,696 [INFO]: #  Run The Step: 1|OPEN|百度搜索链接
2020-08-27 13:46:47,036 [INFO]: #  Run The Step: 1|OPEN|百度搜索页-百度搜索链接 Success
2020-08-27 13:46:47,341 [INFO]: #  Run The Step: 2|INPUT|百度搜索框
2020-08-27 13:46:48,045 [INFO]: #  Run The Step: 2|INPUT|百度搜索页-百度搜索框 Success
2020-08-27 13:46:48,349 [INFO]: #  Run The Step: 3|CLICK|百度搜索按钮
2020-08-27 13:46:48,980 [INFO]: #  Run The Step: 3|CLICK|百度搜索页-百度搜索按钮 Success
2020-08-27 13:46:49,792 [INFO]: #  ****  用例执行完成  ****
2020-08-27 13:46:49,792 [INFO]: #  **** 解析用例成功 ****
2020-08-27 13:46:49,792 [INFO]: #  -------- Run The TestCase：test-2 中国知网注册
2020-08-27 13:46:49,792 [INFO]: #  Run The Step: 1|OPEN|注册链接
2020-08-27 13:46:51,087 [INFO]: #  Run The Step: 1|OPEN|中国知网-注册链接 Success
2020-08-27 13:46:51,387 [INFO]: #  Run The Step: 2|INPUT|用户名
2020-08-27 13:46:52,020 [INFO]: #  Run The Step: 2|INPUT|中国知网-用户名 Success
2020-08-27 13:46:52,322 [INFO]: #  Run The Step: 3|INPUT|密码
2020-08-27 13:46:52,910 [INFO]: #  Run The Step: 3|INPUT|中国知网-密码 Success
2020-08-27 13:46:53,220 [INFO]: #  Run The Step: 4|INPUT|邮箱
2020-08-27 13:46:53,857 [INFO]: #  Run The Step: 4|INPUT|中国知网-邮箱 Success
2020-08-27 13:46:54,171 [INFO]: #  Run The Step: 5|RECOGNITION|验证码图片
2020-08-27 13:46:55,274 [INFO]: #  Run The Step: 5|RECOGNITION|中国知网-验证码图片 Fail
2020-08-27 13:46:55,274 [INFO]: #  Run The Step: 6|INPUT|验证码
2020-08-27 13:46:55,910 [INFO]: #  Run The Step: 6|INPUT|中国知网-验证码 Success
2020-08-27 13:46:56,216 [INFO]: #  Run The Step: 7|CLICK|立即注册
2020-08-27 13:46:56,950 [INFO]: #  Run The Step: 7|CLICK|中国知网-立即注册 Success
2020-08-27 13:46:57,770 [INFO]: #  ****  用例执行完成  ****
2020-08-27 13:47:43,020 [INFO]: #  **** 从Excel导入用例套件成功 ****
2020-08-27 13:47:43,021 [INFO]: #  **** 解析用例成功 ****
2020-08-27 13:47:43,021 [INFO]: #  -------- Run The TestCase：test-1 打开百度
2020-08-27 13:47:43,021 [INFO]: #  Run The Step: 1|OPEN|百度搜索链接
2020-08-27 13:47:44,474 [INFO]: #  Run The Step: 1|OPEN|百度搜索页-百度搜索链接 Success
2020-08-27 13:47:44,774 [INFO]: #  Run The Step: 2|INPUT|百度搜索框
2020-08-27 13:47:45,461 [INFO]: #  Run The Step: 2|INPUT|百度搜索页-百度搜索框 Success
2020-08-27 13:47:45,770 [INFO]: #  Run The Step: 3|CLICK|百度搜索按钮
2020-08-27 13:47:46,451 [INFO]: #  Run The Step: 3|CLICK|百度搜索页-百度搜索按钮 Success
2020-08-27 13:47:47,263 [INFO]: #  ****  用例执行完成  ****
2020-08-27 13:47:47,263 [INFO]: #  **** 解析用例成功 ****
2020-08-27 13:47:47,263 [INFO]: #  -------- Run The TestCase：test-2 中国知网注册
2020-08-27 13:47:47,263 [INFO]: #  Run The Step: 1|OPEN|注册链接
2020-08-27 13:47:48,800 [INFO]: #  Run The Step: 1|OPEN|中国知网-注册链接 Success
2020-08-27 13:47:49,120 [INFO]: #  Run The Step: 2|INPUT|用户名
2020-08-27 13:47:49,789 [INFO]: #  Run The Step: 2|INPUT|中国知网-用户名 Success
2020-08-27 13:47:50,090 [INFO]: #  Run The Step: 3|INPUT|密码
2020-08-27 13:47:50,700 [INFO]: #  Run The Step: 3|INPUT|中国知网-密码 Success
2020-08-27 13:47:51,016 [INFO]: #  Run The Step: 4|INPUT|邮箱
2020-08-27 13:47:51,656 [INFO]: #  Run The Step: 4|INPUT|中国知网-邮箱 Success
2020-08-27 13:47:51,960 [INFO]: #  Run The Step: 5|RECOGNITION|验证码图片
2020-08-27 13:47:53,419 [INFO]: #  Run The Step: 5|RECOGNITION|中国知网-验证码图片 Success
2020-08-27 13:47:53,730 [INFO]: #  Run The Step: 6|INPUT|验证码
2020-08-27 13:47:54,334 [INFO]: #  Run The Step: 6|INPUT|中国知网-验证码 Success
2020-08-27 13:47:54,646 [INFO]: #  Run The Step: 7|CLICK|立即注册
2020-08-27 13:47:55,350 [INFO]: #  Run The Step: 7|CLICK|中国知网-立即注册 Success
2020-08-27 13:47:56,170 [INFO]: #  ****  用例执行完成  ****
