2020-09-17 09:40:41,901 [INFO]: #  **** 从Excel导入用例套件成功 ****
2020-09-17 09:40:41,902 [INFO]: #  **** 解析用例成功 ****
2020-09-17 09:40:41,902 [INFO]: #  -------- Run The TestCase：test-1 打开OMP
2020-09-17 09:40:41,902 [INFO]: #  Run The Step: 1|OPEN|OMP首页链接
2020-09-17 09:40:44,321 [INFO]: #  Run The Step: 1|OPEN|OMP首页-OMP首页链接 Success
2020-09-17 09:40:44,622 [INFO]: #  ****  用例执行完成  ****
2020-09-17 09:40:44,622 [INFO]: #  **** 解析用例成功 ****
2020-09-17 09:40:44,622 [INFO]: #  -------- Run The TestCase：test-2 提交咨询单
2020-09-17 09:40:45,123 [INFO]: #  ****  用例执行完成  ****
2020-09-17 09:43:00,472 [INFO]: #  **** 从Excel导入用例套件成功 ****
2020-09-17 09:43:00,473 [INFO]: #  **** 解析用例成功 ****
2020-09-17 09:43:00,473 [INFO]: #  -------- Run The TestCase：test-1 打开OMP
2020-09-17 09:43:00,473 [INFO]: #  Run The Step: 1|OPEN|OMP首页链接
2020-09-17 09:43:03,492 [INFO]: #  Run The Step: 1|OPEN|OMP首页-OMP首页链接 Success
2020-09-17 09:43:03,793 [INFO]: #  ****  用例执行完成  ****
2020-09-17 09:43:03,793 [INFO]: #  **** 解析用例成功 ****
2020-09-17 09:43:03,793 [INFO]: #  -------- Run The TestCase：test-2 提交咨询单
2020-09-17 09:43:04,293 [INFO]: #  ****  用例执行完成  ****
2020-09-17 09:44:37,428 [INFO]: #  **** 从Excel导入用例套件成功 ****
2020-09-17 09:44:37,428 [INFO]: #  **** 解析用例成功 ****
2020-09-17 09:44:37,428 [INFO]: #  -------- Run The TestCase：test-1 打开OMP
2020-09-17 09:44:37,429 [INFO]: #  Run The Step: 1|OPEN|OMP首页链接
2020-09-17 09:44:41,003 [INFO]: #  Run The Step: 1|OPEN|OMP首页-OMP首页链接 Success
2020-09-17 09:44:41,304 [INFO]: #  ****  用例执行完成  ****
2020-09-17 09:44:41,304 [INFO]: #  **** 解析用例成功 ****
2020-09-17 09:44:41,304 [INFO]: #  -------- Run The TestCase：test-2 提交咨询单
2020-09-17 09:44:41,805 [INFO]: #  ****  用例执行完成  ****
2020-09-17 09:59:43,713 [INFO]: #  **** 从Excel导入用例套件成功 ****
2020-09-17 09:59:43,713 [INFO]: #  **** 解析用例成功 ****
2020-09-17 09:59:43,714 [INFO]: #  -------- Run The TestCase：test-1 打开OMP
2020-09-17 09:59:43,714 [INFO]: #  Run The Step: 1|OPEN|OMP首页链接
2020-09-17 09:59:46,184 [INFO]: #  Run The Step: 1|OPEN|OMP首页-OMP首页链接 Success
2020-09-17 09:59:46,485 [INFO]: #  ****  用例执行完成  ****
2020-09-17 09:59:46,485 [INFO]: #  **** 解析用例成功 ****
2020-09-17 09:59:46,485 [INFO]: #  -------- Run The TestCase：test-2 提交咨询单
2020-09-17 09:59:46,987 [INFO]: #  ****  用例执行完成  ****
2020-09-17 10:04:42,186 [INFO]: #  **** 从Excel导入用例套件成功 ****
2020-09-17 10:04:42,186 [INFO]: #  **** 解析用例成功 ****
2020-09-17 10:04:42,186 [INFO]: #  -------- Run The TestCase：test-1 打开OMP
2020-09-17 10:04:42,187 [INFO]: #  Run The Step: 1|OPEN|OMP首页链接
2020-09-17 10:04:44,813 [INFO]: #  Run The Step: 1|OPEN|OMP首页-OMP首页链接 Success
2020-09-17 10:04:45,114 [INFO]: #  ****  用例执行完成  ****
2020-09-17 10:04:45,114 [INFO]: #  **** 解析用例成功 ****
2020-09-17 10:04:45,114 [INFO]: #  -------- Run The TestCase：test-2 提交咨询单
2020-09-17 10:04:45,615 [INFO]: #  ****  用例执行完成  ****
2020-09-17 10:05:23,989 [INFO]: #  **** 从Excel导入用例套件成功 ****
2020-09-17 10:05:23,989 [INFO]: #  **** 解析用例成功 ****
2020-09-17 10:05:23,989 [INFO]: #  -------- Run The TestCase：test-1 打开OMP
2020-09-17 10:05:23,989 [INFO]: #  Run The Step: 1|OPEN|OMP首页链接
2020-09-17 10:05:26,802 [INFO]: #  Run The Step: 1|OPEN|OMP首页-OMP首页链接 Success
2020-09-17 10:05:27,103 [INFO]: #  ****  用例执行完成  ****
2020-09-17 10:05:27,103 [INFO]: #  **** 解析用例成功 ****
2020-09-17 10:05:27,103 [INFO]: #  -------- Run The TestCase：test-2 提交咨询单
2020-09-17 10:05:27,604 [INFO]: #  ****  用例执行完成  ****
2020-09-17 10:08:53,798 [INFO]: #  **** 从Excel导入用例套件成功 ****
2020-09-17 10:08:53,798 [INFO]: #  **** 解析用例成功 ****
2020-09-17 10:08:53,798 [INFO]: #  -------- Run The TestCase：test-1 打开OMP
2020-09-17 10:08:53,798 [INFO]: #  Run The Step: 1|OPEN|OMP首页链接
2020-09-17 10:08:56,496 [INFO]: #  Run The Step: 1|OPEN|OMP首页-OMP首页链接 Success
2020-09-17 10:08:56,797 [INFO]: #  ****  用例执行完成  ****
2020-09-17 10:08:56,797 [INFO]: #  **** 解析用例成功 ****
2020-09-17 10:08:56,797 [INFO]: #  -------- Run The TestCase：test-2 提交咨询单
2020-09-17 10:08:57,298 [INFO]: #  ****  用例执行完成  ****
2020-09-17 10:12:23,618 [INFO]: #  **** 从Excel导入用例套件成功 ****
2020-09-17 10:12:23,618 [INFO]: #  **** 解析用例成功 ****
2020-09-17 10:12:23,618 [INFO]: #  -------- Run The TestCase：test-1 打开OMP
2020-09-17 10:12:23,618 [INFO]: #  Run The Step: 1|OPEN|OMP首页链接
2020-09-17 10:12:26,105 [INFO]: #  Run The Step: 1|OPEN|OMP首页-OMP首页链接 Success
2020-09-17 10:12:26,405 [INFO]: #  ****  用例执行完成  ****
2020-09-17 10:12:26,405 [INFO]: #  **** 解析用例成功 ****
2020-09-17 10:12:26,405 [INFO]: #  -------- Run The TestCase：test-2 提交咨询单
2020-09-17 10:12:26,906 [INFO]: #  ****  用例执行完成  ****
